{
  "RSpec": {
    "coverage": {
      "/Users/brendanbondurant/4mod/tea_intermission/config/environment.rb": {
        "lines": [
          null,
          1,
          null,
          null,
          1
        ]
      },
      "/Users/brendanbondurant/4mod/tea_intermission/config/application.rb": {
        "lines": [
          1,
          null,
          1,
          null,
          null,
          null,
          1,
          null,
          1,
          1,
          null,
          1,
          null,
          null,
          null,
          null,
          null,
          null,
          null,
          null,
          null,
          null,
          null,
          null,
          1,
          null,
          null
        ]
      },
      "/Users/brendanbondurant/4mod/tea_intermission/config/boot.rb": {
        "lines": [
          1,
          null,
          1,
          1
        ]
      },
      "/Users/brendanbondurant/4mod/tea_intermission/config/environments/test.rb": {
        "lines": [
          1,
          null,
          null,
          null,
          null,
          null,
          null,
          1,
          null,
          null,
          null,
          1,
          null,
          null,
          null,
          null,
          1,
          null,
          null,
          1,
          1,
          null,
          null,
          null,
          null,
          1,
          1,
          1,
          null,
          null,
          1,
          null,
          null,
          1,
          null,
          null,
          1,
          null,
          1,
          null,
          null,
          null,
          null,
          1,
          null,
          null,
          1,
          null,
          null,
          1,
          null,
          null,
          1,
          null,
          null,
          null,
          null,
          null,
          null,
          null
        ]
      },
      "/Users/brendanbondurant/4mod/tea_intermission/config/initializers/cors.rb": {
        "lines": [
          null,
          null,
          null,
          null,
          null,
          null,
          null,
          null,
          null,
          null,
          null,
          null,
          null,
          null,
          null,
          null
        ]
      },
      "/Users/brendanbondurant/4mod/tea_intermission/config/initializers/filter_parameter_logging.rb": {
        "lines": [
          null,
          null,
          null,
          null,
          null,
          1,
          null,
          null
        ]
      },
      "/Users/brendanbondurant/4mod/tea_intermission/config/initializers/inflections.rb": {
        "lines": [
          null,
          null,
          null,
          null,
          null,
          null,
          null,
          null,
          null,
          null,
          null,
          null,
          null,
          null,
          null,
          null
        ]
      },
      "/Users/brendanbondurant/4mod/tea_intermission/spec/factories/customers.rb": {
        "lines": [
          1,
          1,
          7,
          7,
          7,
          7,
          null,
          null,
          null
        ]
      },
      "/Users/brendanbondurant/4mod/tea_intermission/spec/factories/subscription_teas.rb": {
        "lines": [
          1,
          1,
          1,
          1,
          null,
          null
        ]
      },
      "/Users/brendanbondurant/4mod/tea_intermission/spec/factories/subscriptions.rb": {
        "lines": [
          1,
          1,
          9,
          9,
          7,
          9,
          null,
          null
        ]
      },
      "/Users/brendanbondurant/4mod/tea_intermission/spec/factories/teas.rb": {
        "lines": [
          1,
          1,
          13,
          13,
          13,
          13,
          null,
          null
        ]
      },
      "/Users/brendanbondurant/4mod/tea_intermission/config/routes.rb": {
        "lines": [
          1,
          null,
          1,
          1,
          1,
          null,
          1,
          null,
          null,
          null,
          1,
          1,
          null,
          null,
          1,
          1,
          null,
          null,
          1,
          null,
          null,
          null
        ]
      },
      "/Users/brendanbondurant/4mod/tea_intermission/app/controllers/api/v1/subscriptions_controller.rb": {
        "lines": [
          1,
          1,
          3,
          1,
          1,
          1,
          null,
          2,
          null,
          null,
          null,
          1,
          2,
          2,
          2,
          1,
          null,
          null,
          1,
          1,
          1,
          null,
          null,
          null,
          null,
          null,
          0,
          0,
          0,
          null,
          null,
          null,
          null,
          null,
          null,
          null,
          1,
          2,
          2,
          2,
          1,
          1,
          null,
          null,
          null,
          null,
          null,
          1,
          null,
          null,
          null,
          null,
          null,
          1,
          0,
          0,
          null,
          null,
          1,
          1,
          0,
          null,
          null
        ]
      },
      "/Users/brendanbondurant/4mod/tea_intermission/app/controllers/application_controller.rb": {
        "lines": [
          1,
          null
        ]
      },
      "/Users/brendanbondurant/4mod/tea_intermission/spec/features/customers_show_spec.rb": {
        "lines": [
          1,
          null,
          1,
          null,
          null
        ]
      },
      "/Users/brendanbondurant/4mod/tea_intermission/spec/features/customers_spec.rb": {
        "lines": [
          1,
          null,
          1,
          2,
          null,
          1,
          1,
          3,
          3,
          null,
          3,
          12,
          12,
          null,
          null,
          null,
          null,
          1,
          1,
          null,
          1,
          1,
          3,
          null,
          null,
          null,
          null
        ]
      },
      "/Users/brendanbondurant/4mod/tea_intermission/spec/models/customer_spec.rb": {
        "lines": [
          1,
          null,
          1,
          null,
          1,
          2,
          null,
          null
        ]
      },
      "/Users/brendanbondurant/4mod/tea_intermission/app/models/customer.rb": {
        "lines": [
          1,
          1,
          1,
          null
        ]
      },
      "/Users/brendanbondurant/4mod/tea_intermission/app/models/application_record.rb": {
        "lines": [
          1,
          1,
          null
        ]
      },
      "/Users/brendanbondurant/4mod/tea_intermission/spec/models/customer_subscription_spec.rb": {
        "lines": [
          1,
          null,
          1,
          1,
          2,
          2,
          null,
          null
        ]
      },
      "/Users/brendanbondurant/4mod/tea_intermission/app/models/customer_subscription.rb": {
        "lines": [
          1,
          1,
          1,
          null
        ]
      },
      "/Users/brendanbondurant/4mod/tea_intermission/spec/models/subscription_spec.rb": {
        "lines": [
          1,
          null,
          1,
          1,
          null,
          2,
          2,
          2,
          2,
          null,
          null
        ]
      },
      "/Users/brendanbondurant/4mod/tea_intermission/app/models/subscription.rb": {
        "lines": [
          1,
          1,
          1,
          1,
          1,
          null
        ]
      },
      "/Users/brendanbondurant/4mod/tea_intermission/spec/models/subscription_tea_spec.rb": {
        "lines": [
          1,
          null,
          1,
          1,
          2,
          2,
          null,
          null
        ]
      },
      "/Users/brendanbondurant/4mod/tea_intermission/app/models/subscription_tea.rb": {
        "lines": [
          1,
          1,
          1,
          null
        ]
      },
      "/Users/brendanbondurant/4mod/tea_intermission/spec/models/tea_spec.rb": {
        "lines": [
          1,
          null,
          1,
          1,
          2,
          2,
          null,
          null
        ]
      },
      "/Users/brendanbondurant/4mod/tea_intermission/app/models/tea.rb": {
        "lines": [
          1,
          1,
          1,
          null
        ]
      },
      "/Users/brendanbondurant/4mod/tea_intermission/spec/requests/api/v1/customers_request_spec.rb": {
        "lines": [
          1,
          null,
          1,
          1,
          2,
          null,
          2,
          6,
          6,
          6,
          30,
          30,
          null,
          null,
          null,
          null,
          1,
          1,
          1,
          1,
          1,
          null,
          null,
          null,
          1,
          1,
          1,
          1,
          1,
          1,
          1,
          1,
          null,
          1,
          1,
          null,
          1,
          1,
          null,
          1,
          1,
          null,
          1,
          1,
          1,
          1,
          null,
          null,
          null,
          null,
          null
        ]
      },
      "/Users/brendanbondurant/4mod/tea_intermission/spec/requests/api/v1/subscribe_request_spec.rb": {
        "lines": [
          1,
          null,
          1,
          1,
          null,
          1,
          null,
          1,
          null,
          null,
          null,
          null,
          null,
          null
        ]
      },
      "/Users/brendanbondurant/4mod/tea_intermission/spec/requests/api/v1/tea_request_spec.rb": {
        "lines": [
          1,
          null,
          1,
          1,
          1,
          1,
          null,
          null,
          null
        ]
      },
      "/Users/brendanbondurant/4mod/tea_intermission/spec/serializers/customer_serializer_spec.rb": {
        "lines": [

        ]
      },
      "/Users/brendanbondurant/4mod/tea_intermission/app/serializers/subscription_serializer.rb": {
        "lines": [
          1,
          1,
          1,
          null
        ]
      },
      "/Users/brendanbondurant/4mod/tea_intermission/app/controllers/api/v1/customers_controller.rb": {
        "lines": [
          1,
          1,
          1,
          null,
          null,
          1,
          null,
          null,
          1,
          1,
          1,
          1,
          1,
          6,
          6,
          30,
          null,
          6,
          null,
          null,
          1,
          null,
          null,
          null,
          null,
          1,
          null,
          null
        ]
      },
      "/Users/brendanbondurant/4mod/tea_intermission/app/serializers/customer_serializer.rb": {
        "lines": [
          1,
          1,
          1,
          null,
          null
        ]
      },
      "/Users/brendanbondurant/4mod/tea_intermission/app/serializers/tea_serializer.rb": {
        "lines": [
          1,
          1,
          1,
          null
        ]
      },
      "/Users/brendanbondurant/4mod/tea_intermission/app/controllers/api/v1/teas_controller.rb": {
        "lines": [
          1,
          1,
          null,
          null,
          null
        ]
      }
    },
    "timestamp": 1706323519
  }
}
