{
  "RSpec": {
    "coverage": {
      "/Users/brendanbondurant/4mod/tea_intermission/config/environment.rb": {
        "lines": [
          null,
          1,
          null,
          null,
          1
        ]
      },
      "/Users/brendanbondurant/4mod/tea_intermission/config/application.rb": {
        "lines": [
          1,
          null,
          1,
          null,
          null,
          null,
          1,
          null,
          1,
          1,
          null,
          1,
          null,
          null,
          null,
          null,
          null,
          null,
          null,
          null,
          null,
          null,
          null,
          null,
          1,
          null,
          null
        ]
      },
      "/Users/brendanbondurant/4mod/tea_intermission/config/boot.rb": {
        "lines": [
          1,
          null,
          1,
          1
        ]
      },
      "/Users/brendanbondurant/4mod/tea_intermission/config/environments/test.rb": {
        "lines": [
          1,
          null,
          null,
          null,
          null,
          null,
          null,
          1,
          null,
          null,
          null,
          1,
          null,
          null,
          null,
          null,
          1,
          null,
          null,
          1,
          1,
          null,
          null,
          null,
          null,
          1,
          1,
          1,
          null,
          null,
          1,
          null,
          null,
          1,
          null,
          null,
          1,
          null,
          1,
          null,
          null,
          null,
          null,
          1,
          null,
          null,
          1,
          null,
          null,
          1,
          null,
          null,
          1,
          null,
          null,
          null,
          null,
          null,
          null,
          null
        ]
      },
      "/Users/brendanbondurant/4mod/tea_intermission/config/initializers/cors.rb": {
        "lines": [
          null,
          null,
          null,
          null,
          null,
          null,
          null,
          null,
          null,
          null,
          null,
          null,
          null,
          null,
          null,
          null
        ]
      },
      "/Users/brendanbondurant/4mod/tea_intermission/config/initializers/filter_parameter_logging.rb": {
        "lines": [
          null,
          null,
          null,
          null,
          null,
          1,
          null,
          null
        ]
      },
      "/Users/brendanbondurant/4mod/tea_intermission/config/initializers/inflections.rb": {
        "lines": [
          null,
          null,
          null,
          null,
          null,
          null,
          null,
          null,
          null,
          null,
          null,
          null,
          null,
          null,
          null,
          null
        ]
      },
      "/Users/brendanbondurant/4mod/tea_intermission/spec/factories/customers.rb": {
        "lines": [
          1,
          1,
          null,
          null,
          null
        ]
      },
      "/Users/brendanbondurant/4mod/tea_intermission/spec/factories/subscription_teas.rb": {
        "lines": [
          1,
          1,
          1,
          1,
          null,
          null
        ]
      },
      "/Users/brendanbondurant/4mod/tea_intermission/spec/factories/subscriptions.rb": {
        "lines": [
          1,
          1,
          null,
          null,
          null
        ]
      },
      "/Users/brendanbondurant/4mod/tea_intermission/spec/factories/teas.rb": {
        "lines": [
          1,
          1,
          null,
          null,
          null
        ]
      },
      "/Users/brendanbondurant/4mod/tea_intermission/config/routes.rb": {
        "lines": [
          1,
          null,
          1,
          1,
          1,
          1,
          1,
          null,
          null,
          null
        ]
      },
      "/Users/brendanbondurant/4mod/tea_intermission/app/models/customer.rb": {
        "lines": [
          1,
          1,
          null
        ]
      },
      "/Users/brendanbondurant/4mod/tea_intermission/app/models/application_record.rb": {
        "lines": [
          1,
          1,
          null
        ]
      },
      "/Users/brendanbondurant/4mod/tea_intermission/spec/models/subscription_spec.rb": {
        "lines": [
          1,
          null,
          1,
          1,
          2,
          2,
          2,
          null,
          null
        ]
      },
      "/Users/brendanbondurant/4mod/tea_intermission/app/models/subscription.rb": {
        "lines": [
          1,
          1,
          1,
          1,
          null
        ]
      },
      "/Users/brendanbondurant/4mod/tea_intermission/spec/models/subscription_tea_spec.rb": {
        "lines": [
          1,
          null,
          1,
          1,
          2,
          2,
          null,
          null
        ]
      },
      "/Users/brendanbondurant/4mod/tea_intermission/app/models/subscription_tea.rb": {
        "lines": [
          1,
          1,
          1,
          null
        ]
      },
      "/Users/brendanbondurant/4mod/tea_intermission/spec/models/tea_spec.rb": {
        "lines": [
          1,
          null,
          1,
          1,
          2,
          2,
          null,
          null
        ]
      },
      "/Users/brendanbondurant/4mod/tea_intermission/app/models/tea.rb": {
        "lines": [
          1,
          1,
          1,
          null
        ]
      },
      "/Users/brendanbondurant/4mod/tea_intermission/spec/requests/api/v1/customers_request_spec.rb": {
        "lines": [
          1,
          null,
          1,
          1,
          1,
          1,
          null,
          null,
          null
        ]
      },
      "/Users/brendanbondurant/4mod/tea_intermission/spec/requests/api/v1/subscribe_request_spec.rb": {
        "lines": [
          1,
          null,
          1,
          1,
          1,
          1,
          null,
          null,
          null
        ]
      },
      "/Users/brendanbondurant/4mod/tea_intermission/spec/requests/api/v1/tea_request_spec.rb": {
        "lines": [
          1,
          null,
          1,
          1,
          1,
          1,
          null,
          null,
          null
        ]
      },
      "/Users/brendanbondurant/4mod/tea_intermission/app/controllers/api/v1/customers_controller.rb": {
        "lines": [
          1,
          1,
          null,
          null,
          null
        ]
      },
      "/Users/brendanbondurant/4mod/tea_intermission/app/controllers/application_controller.rb": {
        "lines": [
          1,
          null
        ]
      },
      "/Users/brendanbondurant/4mod/tea_intermission/app/controllers/api/v1/subscriptions_controller.rb": {
        "lines": [
          1,
          1,
          null,
          null,
          null
        ]
      },
      "/Users/brendanbondurant/4mod/tea_intermission/app/controllers/api/v1/teas_controller.rb": {
        "lines": [
          1,
          1,
          null,
          null,
          null
        ]
      }
    },
    "timestamp": 1706206477
  }
}
